<?xml version="1.0" encoding="UTF-8"?>
<!-- Generated by org.testng.reporters.JUnitReportReporter -->
<testsuite hostname="DESKTOP-3FHV7Q4" failures="0" tests="1" name="es.udc.fi.ri.AppTest" time="0.007" errors="0" timestamp="2022-03-15T19:28:56 CET" skipped="0">
  <testcase classname="es.udc.fi.ri.AppTest" name="shouldAnswerWithTrue" time="0.007"/>
  <system-out/>
</testsuite> <!-- es.udc.fi.ri.AppTest -->
