<?xml version="1.0" encoding="UTF-8"?>
<testsuite xmlns:xsi="http://www.w3.org/2001/XMLSchema-instance" xsi:noNamespaceSchemaLocation="https://maven.apache.org/surefire/maven-surefire-plugin/xsd/surefire-test-report.xsd" name="es.udc.fi.ri.AppTest" time="0.575" tests="1" errors="0" skipped="0" failures="0">
  <properties>
    <property name="sun.desktop" value="windows"/>
    <property name="awt.toolkit" value="sun.awt.windows.WToolkit"/>
    <property name="java.specification.version" value="11"/>
    <property name="sun.cpu.isalist" value="amd64"/>
    <property name="sun.jnu.encoding" value="Cp1252"/>
    <property name="java.class.path" value="C:\EjemplosRI\target\test-classes;C:\EjemplosRI\target\classes;C:\Users\abelj\.m2\repository\org\junit\jupiter\junit-jupiter\5.8.2\junit-jupiter-5.8.2.jar;C:\Users\abelj\.m2\repository\org\junit\jupiter\junit-jupiter-api\5.8.2\junit-jupiter-api-5.8.2.jar;C:\Users\abelj\.m2\repository\org\opentest4j\opentest4j\1.2.0\opentest4j-1.2.0.jar;C:\Users\abelj\.m2\repository\org\junit\platform\junit-platform-commons\1.8.2\junit-platform-commons-1.8.2.jar;C:\Users\abelj\.m2\repository\org\apiguardian\apiguardian-api\1.1.2\apiguardian-api-1.1.2.jar;C:\Users\abelj\.m2\repository\org\junit\jupiter\junit-jupiter-params\5.8.2\junit-jupiter-params-5.8.2.jar;C:\Users\abelj\.m2\repository\org\junit\jupiter\junit-jupiter-engine\5.8.2\junit-jupiter-engine-5.8.2.jar;C:\Users\abelj\.m2\repository\org\junit\platform\junit-platform-engine\1.8.2\junit-platform-engine-1.8.2.jar;C:\Users\abelj\.m2\repository\org\apache\lucene\lucene-analysis-common\9.0.0\lucene-analysis-common-9.0.0.jar;C:\Users\abelj\.m2\repository\org\apache\lucene\lucene-core\9.0.0\lucene-core-9.0.0.jar;C:\Users\abelj\.m2\repository\org\apache\lucene\lucene-queryparser\9.0.0\lucene-queryparser-9.0.0.jar;C:\Users\abelj\.m2\repository\org\apache\lucene\lucene-queries\9.0.0\lucene-queries-9.0.0.jar;C:\Users\abelj\.m2\repository\org\apache\lucene\lucene-sandbox\9.0.0\lucene-sandbox-9.0.0.jar;C:\Users\abelj\.m2\repository\org\apache\lucene\lucene-demo\9.0.0\lucene-demo-9.0.0.jar;C:\Users\abelj\.m2\repository\org\apache\lucene\lucene-facet\9.0.0\lucene-facet-9.0.0.jar;C:\Users\abelj\.m2\repository\com\carrotsearch\hppc\0.9.0\hppc-0.9.0.jar;C:\Users\abelj\.m2\repository\org\apache\lucene\lucene-expressions\9.0.0\lucene-expressions-9.0.0.jar;C:\Users\abelj\.m2\repository\org\apache\lucene\lucene-codecs\9.0.0\lucene-codecs-9.0.0.jar;C:\Users\abelj\.m2\repository\org\antlr\antlr4-runtime\4.5.1-1\antlr4-runtime-4.5.1-1.jar;C:\Users\abelj\.m2\repository\org\ow2\asm\asm\7.2\asm-7.2.jar;C:\Users\abelj\.m2\repository\org\ow2\asm\asm-commons\7.2\asm-commons-7.2.jar;C:\Users\abelj\.m2\repository\org\apache\commons\commons-math3\3.6.1\commons-math3-3.6.1.jar;C:\Users\abelj\.m2\repository\org\testng\testng\7.5\testng-7.5.jar;C:\Users\abelj\.m2\repository\com\google\code\findbugs\jsr305\3.0.1\jsr305-3.0.1.jar;C:\Users\abelj\.m2\repository\org\slf4j\slf4j-api\1.7.32\slf4j-api-1.7.32.jar;C:\Users\abelj\.m2\repository\com\beust\jcommander\1.78\jcommander-1.78.jar;C:\Users\abelj\.m2\repository\org\webjars\jquery\3.5.1\jquery-3.5.1.jar;"/>
    <property name="java.vm.vendor" value="Eclipse Foundation"/>
    <property name="sun.arch.data.model" value="64"/>
    <property name="user.variant" value=""/>
    <property name="java.vendor.url" value="https://adoptium.net/"/>
    <property name="user.timezone" value="Europe/Paris"/>
    <property name="java.vm.specification.version" value="11"/>
    <property name="os.name" value="Windows 10"/>
    <property name="sun.java.launcher" value="SUN_STANDARD"/>
    <property name="user.country" value="ES"/>
    <property name="sun.boot.library.path" value="C:\Program Files\Eclipse Foundation\jdk-11.0.12.7-hotspot\bin"/>
    <property name="sun.java.command" value="C:\Users\abelj\AppData\Local\Temp\surefire4971189250143034062\surefirebooter17072032821200076640.jar C:\Users\abelj\AppData\Local\Temp\surefire4971189250143034062 2022-03-07T11-30-01_565-jvmRun1 surefire875711694729976797tmp surefire_017036129881044930749tmp"/>
    <property name="jdk.debug" value="release"/>
    <property name="surefire.test.class.path" value="C:\EjemplosRI\target\test-classes;C:\EjemplosRI\target\classes;C:\Users\abelj\.m2\repository\org\junit\jupiter\junit-jupiter\5.8.2\junit-jupiter-5.8.2.jar;C:\Users\abelj\.m2\repository\org\junit\jupiter\junit-jupiter-api\5.8.2\junit-jupiter-api-5.8.2.jar;C:\Users\abelj\.m2\repository\org\opentest4j\opentest4j\1.2.0\opentest4j-1.2.0.jar;C:\Users\abelj\.m2\repository\org\junit\platform\junit-platform-commons\1.8.2\junit-platform-commons-1.8.2.jar;C:\Users\abelj\.m2\repository\org\apiguardian\apiguardian-api\1.1.2\apiguardian-api-1.1.2.jar;C:\Users\abelj\.m2\repository\org\junit\jupiter\junit-jupiter-params\5.8.2\junit-jupiter-params-5.8.2.jar;C:\Users\abelj\.m2\repository\org\junit\jupiter\junit-jupiter-engine\5.8.2\junit-jupiter-engine-5.8.2.jar;C:\Users\abelj\.m2\repository\org\junit\platform\junit-platform-engine\1.8.2\junit-platform-engine-1.8.2.jar;C:\Users\abelj\.m2\repository\org\apache\lucene\lucene-analysis-common\9.0.0\lucene-analysis-common-9.0.0.jar;C:\Users\abelj\.m2\repository\org\apache\lucene\lucene-core\9.0.0\lucene-core-9.0.0.jar;C:\Users\abelj\.m2\repository\org\apache\lucene\lucene-queryparser\9.0.0\lucene-queryparser-9.0.0.jar;C:\Users\abelj\.m2\repository\org\apache\lucene\lucene-queries\9.0.0\lucene-queries-9.0.0.jar;C:\Users\abelj\.m2\repository\org\apache\lucene\lucene-sandbox\9.0.0\lucene-sandbox-9.0.0.jar;C:\Users\abelj\.m2\repository\org\apache\lucene\lucene-demo\9.0.0\lucene-demo-9.0.0.jar;C:\Users\abelj\.m2\repository\org\apache\lucene\lucene-facet\9.0.0\lucene-facet-9.0.0.jar;C:\Users\abelj\.m2\repository\com\carrotsearch\hppc\0.9.0\hppc-0.9.0.jar;C:\Users\abelj\.m2\repository\org\apache\lucene\lucene-expressions\9.0.0\lucene-expressions-9.0.0.jar;C:\Users\abelj\.m2\repository\org\apache\lucene\lucene-codecs\9.0.0\lucene-codecs-9.0.0.jar;C:\Users\abelj\.m2\repository\org\antlr\antlr4-runtime\4.5.1-1\antlr4-runtime-4.5.1-1.jar;C:\Users\abelj\.m2\repository\org\ow2\asm\asm\7.2\asm-7.2.jar;C:\Users\abelj\.m2\repository\org\ow2\asm\asm-commons\7.2\asm-commons-7.2.jar;C:\Users\abelj\.m2\repository\org\apache\commons\commons-math3\3.6.1\commons-math3-3.6.1.jar;C:\Users\abelj\.m2\repository\org\testng\testng\7.5\testng-7.5.jar;C:\Users\abelj\.m2\repository\com\google\code\findbugs\jsr305\3.0.1\jsr305-3.0.1.jar;C:\Users\abelj\.m2\repository\org\slf4j\slf4j-api\1.7.32\slf4j-api-1.7.32.jar;C:\Users\abelj\.m2\repository\com\beust\jcommander\1.78\jcommander-1.78.jar;C:\Users\abelj\.m2\repository\org\webjars\jquery\3.5.1\jquery-3.5.1.jar;"/>
    <property name="sun.cpu.endian" value="little"/>
    <property name="user.home" value="C:\Users\abelj"/>
    <property name="user.language" value="es"/>
    <property name="java.specification.vendor" value="Oracle Corporation"/>
    <property name="java.version.date" value="2021-07-20"/>
    <property name="java.home" value="C:\Program Files\Eclipse Foundation\jdk-11.0.12.7-hotspot"/>
    <property name="file.separator" value="\"/>
    <property name="basedir" value="C:\EjemplosRI"/>
    <property name="java.vm.compressedOopsMode" value="Zero based"/>
    <property name="line.separator" value="&#10;"/>
    <property name="java.specification.name" value="Java Platform API Specification"/>
    <property name="java.vm.specification.vendor" value="Oracle Corporation"/>
    <property name="java.awt.graphicsenv" value="sun.awt.Win32GraphicsEnvironment"/>
    <property name="surefire.real.class.path" value="C:\Users\abelj\AppData\Local\Temp\surefire4971189250143034062\surefirebooter17072032821200076640.jar"/>
    <property name="user.script" value=""/>
    <property name="sun.management.compiler" value="HotSpot 64-Bit Tiered Compilers"/>
    <property name="java.runtime.version" value="11.0.12+7"/>
    <property name="user.name" value="abelj"/>
    <property name="path.separator" value=";"/>
    <property name="os.version" value="10.0"/>
    <property name="java.runtime.name" value="OpenJDK Runtime Environment"/>
    <property name="file.encoding" value="Cp1252"/>
    <property name="java.vm.name" value="OpenJDK 64-Bit Server VM"/>
    <property name="java.vendor.version" value="Temurin-11.0.12+7"/>
    <property name="localRepository" value="C:\Users\abelj\.m2\repository"/>
    <property name="java.vendor.url.bug" value="https://github.com/adoptium/adoptium-support/issues"/>
    <property name="java.io.tmpdir" value="C:\Users\abelj\AppData\Local\Temp\"/>
    <property name="java.version" value="11.0.12"/>
    <property name="user.dir" value="C:\EjemplosRI"/>
    <property name="os.arch" value="amd64"/>
    <property name="java.vm.specification.name" value="Java Virtual Machine Specification"/>
    <property name="java.awt.printerjob" value="sun.awt.windows.WPrinterJob"/>
    <property name="sun.os.patch.level" value=""/>
    <property name="java.library.path" value="C:\Program Files\Eclipse Foundation\jdk-11.0.12.7-hotspot\bin;C:\WINDOWS\Sun\Java\bin;C:\WINDOWS\system32;C:\WINDOWS;C:\Program Files\Eclipse Foundation\jdk-11.0.12.7-hotspot\bin;C:\Program Files\AdoptOpenJDK\jdk-15.0.0.36-hotspot\bin;C:\Program Files (x86)\Common Files\Oracle\Java\javapath;C:\Windows\system32;C:\Windows;C:\Windows\System32\Wbem;C:\Windows\System32\WindowsPowerShell\v1.0\;C:\Windows\System32\OpenSSH\;C:\Program Files\Intel\WiFi\bin\;C:\Program Files\Common Files\Intel\WirelessCommon\;C:\Program Files (x86)\NVIDIA Corporation\PhysX\Common;C:\Program Files\NVIDIA Corporation\NVIDIA NvDLISR;C:\Program Files\PuTTY\;C:\Program Files (x86)\QuickTime\QTSystem\;C:\Program Files\TortoiseSVN\bin;C:\Program Files\Git\cmd;C:\Program Files (x86)\Pulse Secure\VC142.CRT\X64\;C:\Program Files (x86)\Pulse Secure\VC142.CRT\X86\;C:\WINDOWS\system32;C:\WINDOWS;C:\WINDOWS\System32\Wbem;C:\WINDOWS\System32\WindowsPowerShell\v1.0\;C:\WINDOWS\System32\OpenSSH\;C:\Program Files\MATLAB\R2021a\bin;C:\Users\abelj\AppData\Local\Programs\Julia-1.7.1\bin;C:\Program Files\Eclipse Foundation\jdk-11.0.12.7-hotspot\bin;C:\Program Files (x86)\Java\apache-maven-3.8.2\bin;C:\Program Files\MySQL\MySQL Server 8.0\bin;C:\Users\abelj\AppData\Local\Microsoft\WindowsApps;C:\Program Files\Intel\WiFi\bin\;C:\Program Files\Common Files\Intel\WirelessCommon\;C:\Users\abelj\Documents\flutter\bin;C:\Users\abelj\AppData\Local\Programs\Julia-1.7.1\bin;C:\Users\abelj\AppData\Local\atom\bin;."/>
    <property name="java.vm.info" value="mixed mode"/>
    <property name="java.vendor" value="Eclipse Foundation"/>
    <property name="java.vm.version" value="11.0.12+7"/>
    <property name="sun.io.unicode.encoding" value="UnicodeLittle"/>
    <property name="java.class.version" value="55.0"/>
  </properties>
  <testcase name="shouldAnswerWithTrue" classname="es.udc.fi.ri.AppTest" time="0.006"/>
</testsuite>